#
# There is insufficient memory for the Java Runtime Environment to continue.
# Native memory allocation (mmap) failed to map 469762048 bytes for G1 virtual space
# Possible reasons:
#   The system is out of physical RAM or swap space
#   The process is running with CompressedOops enabled, and the Java Heap may be blocking the growth of the native heap
# Possible solutions:
#   Reduce memory load on the system
#   Increase physical memory or swap space
#   Check if swap backing store is full
#   Decrease Java heap size (-Xmx/-Xms)
#   Decrease number of Java threads
#   Decrease Java thread stack sizes (-Xss)
#   Set larger code cache with -XX:ReservedCodeCacheSize=
#   JVM is running with Zero Based Compressed Oops mode in which the Java heap is
#     placed in the first 32GB address space. The Java Heap base address is the
#     maximum limit for the native heap growth. Please use -XX:HeapBaseMinAddress
#     to set the Java Heap base and to place the Java Heap above 32GB virtual address.
# This output file may be truncated or incomplete.
#
#  Out of Memory Error (os_windows.cpp:3825), pid=8108, tid=41828
#
# JRE version:  (17.0.9+7) (build )
# Java VM: OpenJDK 64-Bit Server VM (17.0.9+7-b1000.46, mixed mode, sharing, tiered, compressed oops, compressed class ptrs, g1 gc, windows-amd64)
# No core dump will be written. Minidumps are not enabled by default on client versions of Windows
#

---------------  S U M M A R Y ------------

Command Line: git4idea.http.GitAskPassApp Username for 'https://github.com': 

Host: AMD Ryzen 7 7840HS with Radeon 780M Graphics, 16 cores, 27G,  Windows 11 , 64 bit Build 22621 (10.0.22621.3374)
Time: Sat Apr 20 09:01:25 2024  Windows 11 , 64 bit Build 22621 (10.0.22621.3374) elapsed time: 0.008270 seconds (0d 0h 0m 0s)

---------------  T H R E A D  ---------------

Current thread (0x00000174fba9b110):  JavaThread "Unknown thread" [_thread_in_vm, id=41828, stack(0x0000003522700000,0x0000003522800000)]

Stack: [0x0000003522700000,0x0000003522800000]
Native frames: (J=compiled Java code, j=interpreted, Vv=VM code, C=native code)
V  [jvm.dll+0x6886e9]
V  [jvm.dll+0x841e4a]
V  [jvm.dll+0x843a8e]
V  [jvm.dll+0x8440f3]
V  [jvm.dll+0x24c14f]
V  [jvm.dll+0x685499]
V  [jvm.dll+0x679c2a]
V  [jvm.dll+0x30cf9b]
V  [jvm.dll+0x314446]
V  [jvm.dll+0x36425e]
V  [jvm.dll+0x36448f]
V  [jvm.dll+0x2e2d68]
V  [jvm.dll+0x2e3cd4]
V  [jvm.dll+0x8129f1]
V  [jvm.dll+0x3720c1]
V  [jvm.dll+0x7f152c]
V  [jvm.dll+0x3f5d4f]
V  [jvm.dll+0x3f7981]
C  [jli.dll+0x528f]
C  [ucrtbase.dll+0x29333]
C  [KERNEL32.DLL+0x1257d]
C  [ntdll.dll+0x5aa48]


---------------  P R O C E S S  ---------------

Threads class SMR info:
_java_thread_list=0x00007ff9cc49ef18, length=0, elements={
}

Java Threads: ( => current thread )

Other Threads:
  0x00000174fbb36d10 GCTaskThread "GC Thread#0" [stack: 0x0000003522800000,0x0000003522900000] [id=48764]
  0x00000174fbb45af0 ConcurrentGCThread "G1 Main Marker" [stack: 0x0000003522900000,0x0000003522a00000] [id=25748]
  0x00000174fbb46510 ConcurrentGCThread "G1 Conc#0" [stack: 0x0000003522a00000,0x0000003522b00000] [id=30240]

[error occurred during error reporting (printing all threads), id 0xc0000005, EXCEPTION_ACCESS_VIOLATION (0xc0000005) at pc=0x00007ff9cbc53937]

VM state: not at safepoint (not fully initialized)

VM Mutex/Monitor currently owned by a thread:  ([mutex/lock_event])
[0x00000174fba95960] Heap_lock - owner thread: 0x00000174fba9b110

Heap address: 0x0000000642c00000, size: 7124 MB, Compressed Oops mode: Zero based, Oop shift amount: 3

CDS archive(s) mapped at: [0x0000000000000000-0x0000000000000000-0x0000000000000000), size 0, SharedBaseAddress: 0x0000000800000000, ArchiveRelocationMode: 1.
Narrow klass base: 0x0000000000000000, Narrow klass shift: 0, Narrow klass range: 0x0

GC Precious Log:
<Empty>

Heap:
 garbage-first heap   total 0K, used 0K [0x0000000642c00000, 0x0000000800000000)
  region size 4096K, 0 young (0K), 0 survivors (0K)
 Metaspace       used 0K, committed 0K, reserved 0K
  class space    used 0K, committed 0K, reserved 0K

Heap Regions: E=young(eden), S=young(survivor), O=old, HS=humongous(starts), HC=humongous(continues), CS=collection set, F=free, OA=open archive, CA=closed archive, TAMS=top-at-mark-start (previous, next)

Card table byte_map: [0x000001748fdf0000,0x0000017490be0000] _byte_map_base: 0x000001748cbda000

Marking Bits (Prev, Next): (CMBitMap*) 0x00000174fbb37330, (CMBitMap*) 0x00000174fbb37370
 Prev Bits: [0x00000174919d0000, 0x0000017498920000)
 Next Bits: [0x0000017498920000, 0x000001749f870000)

GC Heap History (0 events):
No events

Dll operation events (1 events):
Event: 0.004 Loaded shared library D:\Python\PyCharm 2023.2.3\jbr\bin\java.dll

Deoptimization events (0 events):
No events

Classes unloaded (0 events):
No events

Classes redefined (0 events):
No events

Internal exceptions (0 events):
No events

VM Operations (0 events):
No events

Events (0 events):
No events


Dynamic libraries:
0x00007ff709790000 - 0x00007ff70979a000 	D:\Python\PyCharm 2023.2.3\jbr\bin\java.exe
0x00007ffa825f0000 - 0x00007ffa82806000 	C:\Windows\SYSTEM32\ntdll.dll
0x00007ffa805c0000 - 0x00007ffa80684000 	C:\Windows\System32\KERNEL32.DLL
0x00007ffa7ff70000 - 0x00007ffa80317000 	C:\Windows\System32\KERNELBASE.dll
0x00007ffa7fe50000 - 0x00007ffa7ff61000 	C:\Windows\System32\ucrtbase.dll
0x00007ffa64750000 - 0x00007ffa64767000 	D:\Python\PyCharm 2023.2.3\jbr\bin\jli.dll
0x00007ffa6e3e0000 - 0x00007ffa6e3fb000 	D:\Python\PyCharm 2023.2.3\jbr\bin\VCRUNTIME140.dll
0x00007ffa80bd0000 - 0x00007ffa80d7e000 	C:\Windows\System32\USER32.dll
0x00007ffa7fb90000 - 0x00007ffa7fbb6000 	C:\Windows\System32\win32u.dll
0x00007ffa657c0000 - 0x00007ffa65a53000 	C:\Windows\WinSxS\amd64_microsoft.windows.common-controls_6595b64144ccf1df_6.0.22621.3235_none_270f74e173860f98\COMCTL32.dll
0x00007ffa82360000 - 0x00007ffa82389000 	C:\Windows\System32\GDI32.dll
0x00007ffa822b0000 - 0x00007ffa82357000 	C:\Windows\System32\msvcrt.dll
0x00007ffa7fa70000 - 0x00007ffa7fb89000 	C:\Windows\System32\gdi32full.dll
0x00007ffa7fd30000 - 0x00007ffa7fdca000 	C:\Windows\System32\msvcp_win.dll
0x00007ffa82100000 - 0x00007ffa82131000 	C:\Windows\System32\IMM32.DLL
0x00007ffa7c590000 - 0x00007ffa7c59c000 	D:\Python\PyCharm 2023.2.3\jbr\bin\vcruntime140_1.dll
0x00007ffa467d0000 - 0x00007ffa4685d000 	D:\Python\PyCharm 2023.2.3\jbr\bin\msvcp140.dll
0x00007ff9cb960000 - 0x00007ff9cc5e3000 	D:\Python\PyCharm 2023.2.3\jbr\bin\server\jvm.dll
0x00007ffa813f0000 - 0x00007ffa814a2000 	C:\Windows\System32\ADVAPI32.dll
0x00007ffa812b0000 - 0x00007ffa81358000 	C:\Windows\System32\sechost.dll
0x00007ffa7f980000 - 0x00007ffa7f9a8000 	C:\Windows\System32\bcrypt.dll
0x00007ffa80900000 - 0x00007ffa80a15000 	C:\Windows\System32\RPCRT4.dll
0x00007ffa78900000 - 0x00007ffa78909000 	C:\Windows\SYSTEM32\WSOCK32.dll
0x00007ffa80540000 - 0x00007ffa805b1000 	C:\Windows\System32\WS2_32.dll
0x00007ffa7f630000 - 0x00007ffa7f67d000 	C:\Windows\SYSTEM32\POWRPROF.dll
0x00007ffa76870000 - 0x00007ffa768a4000 	C:\Windows\SYSTEM32\WINMM.dll
0x00007ffa76430000 - 0x00007ffa7643a000 	C:\Windows\SYSTEM32\VERSION.dll
0x00007ffa7f610000 - 0x00007ffa7f623000 	C:\Windows\SYSTEM32\UMPDC.dll
0x00007ffa7e910000 - 0x00007ffa7e928000 	C:\Windows\SYSTEM32\kernel.appcore.dll
0x00007ffa788f0000 - 0x00007ffa788fa000 	D:\Python\PyCharm 2023.2.3\jbr\bin\jimage.dll
0x00007ffa7ce50000 - 0x00007ffa7d083000 	C:\Windows\SYSTEM32\DBGHELP.DLL
0x00007ffa81d10000 - 0x00007ffa82098000 	C:\Windows\System32\combase.dll
0x00007ffa82140000 - 0x00007ffa82217000 	C:\Windows\System32\OLEAUT32.dll
0x00007ffa5ae90000 - 0x00007ffa5aec2000 	C:\Windows\SYSTEM32\dbgcore.DLL
0x00007ffa7fdd0000 - 0x00007ffa7fe49000 	C:\Windows\System32\bcryptPrimitives.dll
0x00007ffa646b0000 - 0x00007ffa646d5000 	D:\Python\PyCharm 2023.2.3\jbr\bin\java.dll

dbghelp: loaded successfully - version: 4.0.5 - missing functions: none
symbol engine: initialized successfully - sym options: 0x614 - pdb path: .;D:\Python\PyCharm 2023.2.3\jbr\bin;C:\Windows\SYSTEM32;C:\Windows\WinSxS\amd64_microsoft.windows.common-controls_6595b64144ccf1df_6.0.22621.3235_none_270f74e173860f98;D:\Python\PyCharm 2023.2.3\jbr\bin\server

VM Arguments:
java_command: git4idea.http.GitAskPassApp Username for 'https://github.com': 
java_class_path (initial): D:/Python/PyCharm 2023.2.3/plugins/vcs-git/lib/git4idea-rt.jar;D:/Python/PyCharm 2023.2.3/lib/externalProcess-rt.jar
Launcher Type: SUN_STANDARD

[Global flags]
     intx CICompilerCount                          = 12                                        {product} {ergonomic}
     uint ConcGCThreads                            = 3                                         {product} {ergonomic}
     uint G1ConcRefinementThreads                  = 13                                        {product} {ergonomic}
   size_t G1HeapRegionSize                         = 4194304                                   {product} {ergonomic}
    uintx GCDrainStackTargetSize                   = 64                                        {product} {ergonomic}
   size_t InitialHeapSize                          = 469762048                                 {product} {ergonomic}
   size_t MarkStackSize                            = 4194304                                   {product} {ergonomic}
   size_t MaxHeapSize                              = 7470055424                                {product} {ergonomic}
   size_t MinHeapDeltaBytes                        = 4194304                                   {product} {ergonomic}
   size_t MinHeapSize                              = 8388608                                   {product} {ergonomic}
    uintx NonNMethodCodeHeapSize                   = 7602480                                {pd product} {ergonomic}
    uintx NonProfiledCodeHeapSize                  = 122027880                              {pd product} {ergonomic}
    uintx ProfiledCodeHeapSize                     = 122027880                              {pd product} {ergonomic}
    uintx ReservedCodeCacheSize                    = 251658240                              {pd product} {ergonomic}
     bool SegmentedCodeCache                       = true                                      {product} {ergonomic}
   size_t SoftMaxHeapSize                          = 7470055424                             {manageable} {ergonomic}
     bool UseCompressedClassPointers               = true                           {product lp64_product} {ergonomic}
     bool UseCompressedOops                        = true                           {product lp64_product} {ergonomic}
     bool UseG1GC                                  = true                                      {product} {ergonomic}
     bool UseLargePagesIndividualAllocation        = false                                  {pd product} {ergonomic}

Logging:
Log output configuration:
 #0: stdout all=warning uptime,level,tags
 #1: stderr all=off uptime,level,tags

Environment Variables:
PATH=D:\Git\mingw64\libexec\git-core;D:\Git\mingw64\libexec\git-core;D:\Git\mingw64\bin;D:\Git\usr\bin;C:\Users\a2539\bin;D:\Python\Python312\Scripts;D:\Python\Python312;C:\Program Files (x86)\Common Files\Oracle\Java\javapath;C:\Windows\system32;C:\Windows;C:\Windows\System32\Wbem;C:\Windows\System32\WindowsPowerShell\v1.0;C:\Windows\System32\OpenSSH;C:\Program Files\nodejs;C:\Software\maven\apache-maven-3.9.5\bin;D:\Sumo\bin;D:\Sumo\tools;D:\Sumo\bin;D:\Git\cmd;C:\Program Files\PuTTY;C:\Users\a2539\AppData\Local\Microsoft\WindowsApps;D:\Cpp\CLion 2023.2.2\bin;D:\Java\IntelliJ IDEA 2023.2.4\bin;D:\Python\PyCharm 2023.2.3\bin;C:\Users\a2539\AppData\Roaming\npm;D:\Microsoft VS Code\bin;D:\Sumo\bin;D:\DataGrip\DataGrip 2023.3.4\bin
USERNAME=a2539
DISPLAY=:0.0
LC_ALL=en_US.UTF-8
TERM=xterm-256color
TMPDIR=C:\Users\a2539\AppData\Local\Temp
OS=Windows_NT
PROCESSOR_IDENTIFIER=AMD64 Family 25 Model 116 Stepping 1, AuthenticAMD
TMP=C:\Users\a2539\AppData\Local\Temp
TEMP=C:\Users\a2539\AppData\Local\Temp



Periodic native trim disabled

JNI global refs:
JNI global refs: 0, weak refs: 0

JNI global refs memory usage: 0, weak refs: 0

OOME stack traces (most recent first):
Classloader memory used:


---------------  S Y S T E M  ---------------

OS:
 Windows 11 , 64 bit Build 22621 (10.0.22621.3374)
OS uptime: 7 days 13:38 hours
Hyper-V role detected

CPU: total 16 (initial active 16) (16 cores per cpu, 2 threads per core) family 25 model 116 stepping 1 microcode 0x0, cx8, cmov, fxsr, ht, mmx, 3dnowpref, sse, sse2, sse3, ssse3, sse4a, sse4.1, sse4.2, popcnt, lzcnt, tsc, tscinvbit, avx, avx2, aes, erms, clmul, bmi1, bmi2, adx, avx512f, avx512dq, avx512cd, avx512bw, avx512vl, sha, fma, vzeroupper, avx512_vpopcntdq, avx512_vpclmulqdq, avx512_vaes, avx512_vnni, clflush, clflushopt, avx512_vbmi2, avx512_vbmi, hv
Processor Information for processor 0
  Max Mhz: 3801, Current Mhz: 3801, Mhz Limit: 3801
Processor Information for processor 1
  Max Mhz: 3801, Current Mhz: 3040, Mhz Limit: 3801
Processor Information for processor 2
  Max Mhz: 3801, Current Mhz: 3040, Mhz Limit: 3801
Processor Information for processor 3
  Max Mhz: 3801, Current Mhz: 3040, Mhz Limit: 3801
Processor Information for processor 4
  Max Mhz: 3801, Current Mhz: 3801, Mhz Limit: 3801
Processor Information for processor 5
  Max Mhz: 3801, Current Mhz: 3040, Mhz Limit: 3801
Processor Information for processor 6
  Max Mhz: 3801, Current Mhz: 3040, Mhz Limit: 3801
Processor Information for processor 7
  Max Mhz: 3801, Current Mhz: 3040, Mhz Limit: 3801
Processor Information for processor 8
  Max Mhz: 3801, Current Mhz: 3801, Mhz Limit: 3801
Processor Information for processor 9
  Max Mhz: 3801, Current Mhz: 3040, Mhz Limit: 3801
Processor Information for processor 10
  Max Mhz: 3801, Current Mhz: 3801, Mhz Limit: 3801
Processor Information for processor 11
  Max Mhz: 3801, Current Mhz: 3040, Mhz Limit: 3801
Processor Information for processor 12
  Max Mhz: 3801, Current Mhz: 3801, Mhz Limit: 3801
Processor Information for processor 13
  Max Mhz: 3801, Current Mhz: 3040, Mhz Limit: 3801
Processor Information for processor 14
  Max Mhz: 3801, Current Mhz: 3801, Mhz Limit: 3801
Processor Information for processor 15
  Max Mhz: 3801, Current Mhz: 3040, Mhz Limit: 3801

Memory: 4k page, system-wide physical 28483M (4296M free)
TotalPageFile size 54083M (AvailPageFile size 333M)
current process WorkingSet (physical memory assigned to process): 11M, peak: 11M
current process commit charge ("private bytes"): 70M, peak: 518M

vm_info: OpenJDK 64-Bit Server VM (17.0.9+7-b1000.46) for windows-amd64 JRE (17.0.9+7-b1000.46), built on 2023-10-27 by "builduser" with MS VC++ 16.10 / 16.11 (VS2019)

END.
